Ktrim change log

v1.3.1 Apr 2021
	* Fix bug in processing SE data using single-thread mode

v1.3.0 Mar 2021
	* Report number the adapter dimers in the sequencing data

v1.2.2 Jan 2021
	* Fix bug when "-o" is NOT present but the program does not quit

v1.2.1 Nov 2020
	* Fix bug in multi-file handling

v1.2.0 Jun 2020
	* Support Gzip-compressed files as input
	* Support '-w' option to check quality scores within a window rather than 1 bp
	* Optimize adaptor handling in paired-end data

v1.1.1 Mar 2020
	* Optimize cout and cerr output streams
	* Suppress the progress report

v1.1.0 Feb 2020
	* Support users to set the allowed mismatches during adapter-sequence comparison (-m option)
	* Fix a bug when read1 and read2 sequences are not of the same length
	* Optimize the mismatch calculation during adapter-sequence comparison for paired-end data
